Hmm ... looks like a package

This is pdfTeX, Version 3.14159265-2.6-1.40.19 (TeX Live 2018) (preloaded format=pdflatex)
 restricted \write18 enabled.
entering extended mode
LaTeX2e <2018-12-01>
(./Rd2.tex
(/Users/taofang/Library/TinyTeX/texmf-dist/tex/latex/base/book.cls
Document Class: book 2018/09/03 v1.4i Standard LaTeX document class
(/Users/taofang/Library/TinyTeX/texmf-dist/tex/latex/base/bk10.clo))
(/Library/Frameworks/R.framework/Resources/share/texmf/tex/latex/Rd.sty
(/Users/taofang/Library/TinyTeX/texmf-dist/tex/latex/base/ifthen.sty)
(/Users/taofang/Library/TinyTeX/texmf-dist/tex/latex/tools/longtable.sty)
(/Users/taofang/Library/TinyTeX/texmf-dist/tex/latex/tools/bm.sty)
(/Users/taofang/Library/TinyTeX/texmf-dist/tex/latex/base/alltt.sty)
(/Users/taofang/Library/TinyTeX/texmf-dist/tex/latex/tools/verbatim.sty)
(/Users/taofang/Library/TinyTeX/texmf-dist/tex/latex/url/url.sty)
(/Users/taofang/Library/TinyTeX/texmf-dist/tex/latex/base/textcomp.sty
(/Users/taofang/Library/TinyTeX/texmf-dist/tex/latex/base/ts1enc.def
(/Users/taofang/Library/TinyTeX/texmf-dist/tex/latex/base/ts1enc.dfu)))
(/Users/taofang/Library/TinyTeX/texmf-dist/tex/latex/inconsolata/zi4.sty
`inconsolata-zi4' v1.112, 2017/01/04 Text macros for Inconsolata (msharpe)
(/Users/taofang/Library/TinyTeX/texmf-dist/tex/latex/xkeyval/xkeyval.sty
(/Users/taofang/Library/TinyTeX/texmf-dist/tex/generic/xkeyval/xkeyval.tex
(/Users/taofang/Library/TinyTeX/texmf-dist/tex/generic/xkeyval/xkvutils.tex
(/Users/taofang/Library/TinyTeX/texmf-dist/tex/generic/xkeyval/keyval.tex)))))
(/Users/taofang/Library/TinyTeX/texmf-dist/tex/latex/graphics/color.sty
(/Users/taofang/Library/TinyTeX/texmf-dist/tex/latex/graphics-cfg/color.cfg)
(/Users/taofang/Library/TinyTeX/texmf-dist/tex/latex/graphics-def/pdftex.def))
(/Users/taofang/Library/TinyTeX/texmf-dist/tex/latex/hyperref/hyperref.sty
(/Users/taofang/Library/TinyTeX/texmf-dist/tex/generic/oberdiek/hobsub-hyperref
.sty
(/Users/taofang/Library/TinyTeX/texmf-dist/tex/generic/oberdiek/hobsub-generic.
sty))
(/Users/taofang/Library/TinyTeX/texmf-dist/tex/generic/ifxetex/ifxetex.sty)
(/Users/taofang/Library/TinyTeX/texmf-dist/tex/latex/oberdiek/auxhook.sty)
(/Users/taofang/Library/TinyTeX/texmf-dist/tex/latex/oberdiek/kvoptions.sty)
(/Users/taofang/Library/TinyTeX/texmf-dist/tex/latex/hyperref/pd1enc.def)
(/Users/taofang/Library/TinyTeX/texmf-dist/tex/latex/latexconfig/hyperref.cfg))
(/Users/taofang/Library/TinyTeX/texmf-dist/tex/latex/hyperref/hpdftex.def
(/Users/taofang/Library/TinyTeX/texmf-dist/tex/latex/oberdiek/rerunfilecheck.st
y))

Package hyperref Warning: Option `hyperindex' has already been used,
(hyperref)                setting the option has no effect on input line 377.


Package hyperref Warning: Option `pagebackref' has already been used,
(hyperref)                setting the option has no effect on input line 377.

) (/Users/taofang/Library/TinyTeX/texmf-dist/tex/latex/base/makeidx.sty)
(/Users/taofang/Library/TinyTeX/texmf-dist/tex/latex/base/inputenc.sty)
Writing index file Rd2.idx
No file Rd2.aux.
(/Users/taofang/Library/TinyTeX/texmf-dist/tex/latex/base/ts1cmr.fd)
(/Users/taofang/Library/TinyTeX/texmf-dist/tex/latex/hyperref/nameref.sty
(/Users/taofang/Library/TinyTeX/texmf-dist/tex/generic/oberdiek/gettitlestring.
sty))
(/Users/taofang/Library/TinyTeX/texmf-dist/tex/latex/inconsolata/ot1zi4.fd)

LaTeX Font Warning: Font shape `OML/zi4/m/n' undefined
(Font)              using `OML/cmm/m/it' instead
(Font)              for symbol `textless' on input line 20.

[1{/Users/taofang/Library/TinyTeX/texmf-var/fonts/map/pdftex/updmap/pdftex.map}
] [2]
Overfull \hbox (23.28088pt too wide) in paragraph at lines 146--146
 []\OT1/zi4/m/n/9 from_id2name((selected_pathways=list(c("GO:0032991#GO:0044425
#GO:0044464"),"R-HSA-5357801")))[] 

Overfull \hbox (0.47627pt too wide) in paragraph at lines 168--172
[]\OT1/cmr/m/n/10 http://geneontology.org/docs/download-ontology/, https://reac
tome.org/download-data A
[3]
Overfull \hbox (35.44841pt too wide) in paragraph at lines 221--223
[]\OT1/cmr/m/n/10 The igraph for-mat tree was con-structed by us-ing data from 
http://geneontology.org/docs/download-
[4]
Overfull \hbox (60.27242pt too wide) in paragraph at lines 247--249
\OT1/cmr/m/n/10 three roots notes in GO on-tol-ogy tree: GO:0008150 (bi-o-log-i
-cal[]process), GO:0003674(molecular[]function),
[5] [6] [7]
No file Rd2.ind.
[8] (./Rd2.aux)

Package rerunfilecheck Warning: File `Rd2.out' has changed.
(rerunfilecheck)                Rerun to get outlines right
(rerunfilecheck)                or use package `bookmark'.


LaTeX Font Warning: Some font shapes were not available, defaults substituted.

 )
(see the transcript file for additional information) </Users/taofang/.TinyTeX/t
exmf-var/fonts/pk/ljfour/jknappen/ec/tcrm1000.600pk>{/Users/taofang/Library/Tin
yTeX/texmf-dist/fonts/enc/dvips/inconsolata/i4-ot1-0.enc}</Users/taofang/Librar
y/TinyTeX/texmf-dist/fonts/type1/public/inconsolata/Inconsolata-zi4r.pfb></User
s/taofang/Library/TinyTeX/texmf-dist/fonts/type1/public/amsfonts/cm/cmb10.pfb><
/Users/taofang/Library/TinyTeX/texmf-dist/fonts/type1/public/amsfonts/cm/cmbx10
.pfb></Users/taofang/Library/TinyTeX/texmf-dist/fonts/type1/public/amsfonts/cm/
cmbx12.pfb></Users/taofang/Library/TinyTeX/texmf-dist/fonts/type1/public/amsfon
ts/cm/cmmi10.pfb></Users/taofang/Library/TinyTeX/texmf-dist/fonts/type1/public/
amsfonts/cm/cmr10.pfb></Users/taofang/Library/TinyTeX/texmf-dist/fonts/type1/pu
blic/amsfonts/cm/cmr12.pfb></Users/taofang/Library/TinyTeX/texmf-dist/fonts/typ
e1/public/amsfonts/cm/cmr7.pfb></Users/taofang/Library/TinyTeX/texmf-dist/fonts
/type1/public/amsfonts/cm/cmsl10.pfb></Users/taofang/Library/TinyTeX/texmf-dist
/fonts/type1/public/amsfonts/cm/cmss12.pfb></Users/taofang/Library/TinyTeX/texm
f-dist/fonts/type1/public/amsfonts/cm/cmsy10.pfb></Users/taofang/Library/TinyTe
X/texmf-dist/fonts/type1/public/amsfonts/cm/cmti10.pfb>
Output written on Rd2.pdf (8 pages, 167902 bytes).
Transcript written on Rd2.log.
This is makeindex, version 2.15 [TeX Live 2018] (kpathsea + Thai support).
Scanning input file Rd2.idx....done (18 entries accepted, 0 rejected).
Sorting entries....done (74 comparisons).
Generating output file Rd2.ind....done (38 lines written, 0 warnings).
Output written in Rd2.ind.
Transcript written in Rd2.ilg.
This is pdfTeX, Version 3.14159265-2.6-1.40.19 (TeX Live 2018) (preloaded format=pdflatex)
 restricted \write18 enabled.
entering extended mode
LaTeX2e <2018-12-01>
(./Rd2.tex
(/Users/taofang/Library/TinyTeX/texmf-dist/tex/latex/base/book.cls
Document Class: book 2018/09/03 v1.4i Standard LaTeX document class
(/Users/taofang/Library/TinyTeX/texmf-dist/tex/latex/base/bk10.clo))
(/Library/Frameworks/R.framework/Resources/share/texmf/tex/latex/Rd.sty
(/Users/taofang/Library/TinyTeX/texmf-dist/tex/latex/base/ifthen.sty)
(/Users/taofang/Library/TinyTeX/texmf-dist/tex/latex/tools/longtable.sty)
(/Users/taofang/Library/TinyTeX/texmf-dist/tex/latex/tools/bm.sty)
(/Users/taofang/Library/TinyTeX/texmf-dist/tex/latex/base/alltt.sty)
(/Users/taofang/Library/TinyTeX/texmf-dist/tex/latex/tools/verbatim.sty)
(/Users/taofang/Library/TinyTeX/texmf-dist/tex/latex/url/url.sty)
(/Users/taofang/Library/TinyTeX/texmf-dist/tex/latex/base/textcomp.sty
(/Users/taofang/Library/TinyTeX/texmf-dist/tex/latex/base/ts1enc.def
(/Users/taofang/Library/TinyTeX/texmf-dist/tex/latex/base/ts1enc.dfu)))
(/Users/taofang/Library/TinyTeX/texmf-dist/tex/latex/inconsolata/zi4.sty
`inconsolata-zi4' v1.112, 2017/01/04 Text macros for Inconsolata (msharpe)
(/Users/taofang/Library/TinyTeX/texmf-dist/tex/latex/xkeyval/xkeyval.sty
(/Users/taofang/Library/TinyTeX/texmf-dist/tex/generic/xkeyval/xkeyval.tex
(/Users/taofang/Library/TinyTeX/texmf-dist/tex/generic/xkeyval/xkvutils.tex
(/Users/taofang/Library/TinyTeX/texmf-dist/tex/generic/xkeyval/keyval.tex)))))
(/Users/taofang/Library/TinyTeX/texmf-dist/tex/latex/graphics/color.sty
(/Users/taofang/Library/TinyTeX/texmf-dist/tex/latex/graphics-cfg/color.cfg)
(/Users/taofang/Library/TinyTeX/texmf-dist/tex/latex/graphics-def/pdftex.def))
(/Users/taofang/Library/TinyTeX/texmf-dist/tex/latex/hyperref/hyperref.sty
(/Users/taofang/Library/TinyTeX/texmf-dist/tex/generic/oberdiek/hobsub-hyperref
.sty
(/Users/taofang/Library/TinyTeX/texmf-dist/tex/generic/oberdiek/hobsub-generic.
sty))
(/Users/taofang/Library/TinyTeX/texmf-dist/tex/generic/ifxetex/ifxetex.sty)
(/Users/taofang/Library/TinyTeX/texmf-dist/tex/latex/oberdiek/auxhook.sty)
(/Users/taofang/Library/TinyTeX/texmf-dist/tex/latex/oberdiek/kvoptions.sty)
(/Users/taofang/Library/TinyTeX/texmf-dist/tex/latex/hyperref/pd1enc.def)
(/Users/taofang/Library/TinyTeX/texmf-dist/tex/latex/latexconfig/hyperref.cfg))
(/Users/taofang/Library/TinyTeX/texmf-dist/tex/latex/hyperref/hpdftex.def
(/Users/taofang/Library/TinyTeX/texmf-dist/tex/latex/oberdiek/rerunfilecheck.st
y))

Package hyperref Warning: Option `hyperindex' has already been used,
(hyperref)                setting the option has no effect on input line 377.


Package hyperref Warning: Option `pagebackref' has already been used,
(hyperref)                setting the option has no effect on input line 377.

) (/Users/taofang/Library/TinyTeX/texmf-dist/tex/latex/base/makeidx.sty)
(/Users/taofang/Library/TinyTeX/texmf-dist/tex/latex/base/inputenc.sty)
Writing index file Rd2.idx
(./Rd2.aux) (/Users/taofang/Library/TinyTeX/texmf-dist/tex/latex/base/ts1cmr.fd
) (/Users/taofang/Library/TinyTeX/texmf-dist/tex/latex/hyperref/nameref.sty
(/Users/taofang/Library/TinyTeX/texmf-dist/tex/generic/oberdiek/gettitlestring.
sty)) (./Rd2.out) (./Rd2.out)
(/Users/taofang/Library/TinyTeX/texmf-dist/tex/latex/inconsolata/ot1zi4.fd)

LaTeX Font Warning: Font shape `OML/zi4/m/n' undefined
(Font)              using `OML/cmm/m/it' instead
(Font)              for symbol `textless' on input line 20.

(./Rd2.toc) [1{/Users/taofang/Library/TinyTeX/texmf-var/fonts/map/pdftex/updmap
/pdftex.map}] [2]
Overfull \hbox (23.28088pt too wide) in paragraph at lines 146--146
 []\OT1/zi4/m/n/9 from_id2name((selected_pathways=list(c("GO:0032991#GO:0044425
#GO:0044464"),"R-HSA-5357801")))[] 
[3]
Overfull \hbox (0.47627pt too wide) in paragraph at lines 168--172
[]\OT1/cmr/m/n/10 http://geneontology.org/docs/download-ontology/, https://reac
tome.org/download-data A
[4]
Overfull \hbox (35.44841pt too wide) in paragraph at lines 221--223
[]\OT1/cmr/m/n/10 The igraph for-mat tree was con-structed by us-ing data from 
http://geneontology.org/docs/download-

Overfull \hbox (60.27242pt too wide) in paragraph at lines 247--249
\OT1/cmr/m/n/10 three roots notes in GO on-tol-ogy tree: GO:0008150 (bi-o-log-i
-cal[]process), GO:0003674(molecular[]function),
[5] [6] [7] [8] (./Rd2.ind [9] [10]) (./Rd2.aux)

Package rerunfilecheck Warning: File `Rd2.out' has changed.
(rerunfilecheck)                Rerun to get outlines right
(rerunfilecheck)                or use package `bookmark'.


LaTeX Font Warning: Some font shapes were not available, defaults substituted.

 )
(see the transcript file for additional information) </Users/taofang/.TinyTeX/t
exmf-var/fonts/pk/ljfour/jknappen/ec/tcrm1000.600pk>{/Users/taofang/Library/Tin
yTeX/texmf-dist/fonts/enc/dvips/inconsolata/i4-ot1-0.enc}</Users/taofang/Librar
y/TinyTeX/texmf-dist/fonts/type1/public/inconsolata/Inconsolata-zi4r.pfb></User
s/taofang/Library/TinyTeX/texmf-dist/fonts/type1/public/amsfonts/cm/cmb10.pfb><
/Users/taofang/Library/TinyTeX/texmf-dist/fonts/type1/public/amsfonts/cm/cmbx10
.pfb></Users/taofang/Library/TinyTeX/texmf-dist/fonts/type1/public/amsfonts/cm/
cmbx12.pfb></Users/taofang/Library/TinyTeX/texmf-dist/fonts/type1/public/amsfon
ts/cm/cmmi10.pfb></Users/taofang/Library/TinyTeX/texmf-dist/fonts/type1/public/
amsfonts/cm/cmr10.pfb></Users/taofang/Library/TinyTeX/texmf-dist/fonts/type1/pu
blic/amsfonts/cm/cmr12.pfb></Users/taofang/Library/TinyTeX/texmf-dist/fonts/typ
e1/public/amsfonts/cm/cmr7.pfb></Users/taofang/Library/TinyTeX/texmf-dist/fonts
/type1/public/amsfonts/cm/cmsl10.pfb></Users/taofang/Library/TinyTeX/texmf-dist
/fonts/type1/public/amsfonts/cm/cmss12.pfb></Users/taofang/Library/TinyTeX/texm
f-dist/fonts/type1/public/amsfonts/cm/cmsy10.pfb></Users/taofang/Library/TinyTe
X/texmf-dist/fonts/type1/public/amsfonts/cm/cmti10.pfb>
Output written on Rd2.pdf (10 pages, 172893 bytes).
Transcript written on Rd2.log.
This is makeindex, version 2.15 [TeX Live 2018] (kpathsea + Thai support).
Scanning input file Rd2.idx....done (18 entries accepted, 0 rejected).
Sorting entries....done (74 comparisons).
Generating output file Rd2.ind....done (38 lines written, 0 warnings).
Output written in Rd2.ind.
Transcript written in Rd2.ilg.
This is pdfTeX, Version 3.14159265-2.6-1.40.19 (TeX Live 2018) (preloaded format=pdflatex)
 restricted \write18 enabled.
entering extended mode
LaTeX2e <2018-12-01>
(./Rd2.tex
(/Users/taofang/Library/TinyTeX/texmf-dist/tex/latex/base/book.cls
Document Class: book 2018/09/03 v1.4i Standard LaTeX document class
(/Users/taofang/Library/TinyTeX/texmf-dist/tex/latex/base/bk10.clo))
(/Library/Frameworks/R.framework/Resources/share/texmf/tex/latex/Rd.sty
(/Users/taofang/Library/TinyTeX/texmf-dist/tex/latex/base/ifthen.sty)
(/Users/taofang/Library/TinyTeX/texmf-dist/tex/latex/tools/longtable.sty)
(/Users/taofang/Library/TinyTeX/texmf-dist/tex/latex/tools/bm.sty)
(/Users/taofang/Library/TinyTeX/texmf-dist/tex/latex/base/alltt.sty)
(/Users/taofang/Library/TinyTeX/texmf-dist/tex/latex/tools/verbatim.sty)
(/Users/taofang/Library/TinyTeX/texmf-dist/tex/latex/url/url.sty)
(/Users/taofang/Library/TinyTeX/texmf-dist/tex/latex/base/textcomp.sty
(/Users/taofang/Library/TinyTeX/texmf-dist/tex/latex/base/ts1enc.def
(/Users/taofang/Library/TinyTeX/texmf-dist/tex/latex/base/ts1enc.dfu)))
(/Users/taofang/Library/TinyTeX/texmf-dist/tex/latex/inconsolata/zi4.sty
`inconsolata-zi4' v1.112, 2017/01/04 Text macros for Inconsolata (msharpe)
(/Users/taofang/Library/TinyTeX/texmf-dist/tex/latex/xkeyval/xkeyval.sty
(/Users/taofang/Library/TinyTeX/texmf-dist/tex/generic/xkeyval/xkeyval.tex
(/Users/taofang/Library/TinyTeX/texmf-dist/tex/generic/xkeyval/xkvutils.tex
(/Users/taofang/Library/TinyTeX/texmf-dist/tex/generic/xkeyval/keyval.tex)))))
(/Users/taofang/Library/TinyTeX/texmf-dist/tex/latex/graphics/color.sty
(/Users/taofang/Library/TinyTeX/texmf-dist/tex/latex/graphics-cfg/color.cfg)
(/Users/taofang/Library/TinyTeX/texmf-dist/tex/latex/graphics-def/pdftex.def))
(/Users/taofang/Library/TinyTeX/texmf-dist/tex/latex/hyperref/hyperref.sty
(/Users/taofang/Library/TinyTeX/texmf-dist/tex/generic/oberdiek/hobsub-hyperref
.sty
(/Users/taofang/Library/TinyTeX/texmf-dist/tex/generic/oberdiek/hobsub-generic.
sty))
(/Users/taofang/Library/TinyTeX/texmf-dist/tex/generic/ifxetex/ifxetex.sty)
(/Users/taofang/Library/TinyTeX/texmf-dist/tex/latex/oberdiek/auxhook.sty)
(/Users/taofang/Library/TinyTeX/texmf-dist/tex/latex/oberdiek/kvoptions.sty)
(/Users/taofang/Library/TinyTeX/texmf-dist/tex/latex/hyperref/pd1enc.def)
(/Users/taofang/Library/TinyTeX/texmf-dist/tex/latex/latexconfig/hyperref.cfg))
(/Users/taofang/Library/TinyTeX/texmf-dist/tex/latex/hyperref/hpdftex.def
(/Users/taofang/Library/TinyTeX/texmf-dist/tex/latex/oberdiek/rerunfilecheck.st
y))

Package hyperref Warning: Option `hyperindex' has already been used,
(hyperref)                setting the option has no effect on input line 377.


Package hyperref Warning: Option `pagebackref' has already been used,
(hyperref)                setting the option has no effect on input line 377.

) (/Users/taofang/Library/TinyTeX/texmf-dist/tex/latex/base/makeidx.sty)
(/Users/taofang/Library/TinyTeX/texmf-dist/tex/latex/base/inputenc.sty)
Writing index file Rd2.idx
(./Rd2.aux) (/Users/taofang/Library/TinyTeX/texmf-dist/tex/latex/base/ts1cmr.fd
) (/Users/taofang/Library/TinyTeX/texmf-dist/tex/latex/hyperref/nameref.sty
(/Users/taofang/Library/TinyTeX/texmf-dist/tex/generic/oberdiek/gettitlestring.
sty)) (./Rd2.out) (./Rd2.out)
(/Users/taofang/Library/TinyTeX/texmf-dist/tex/latex/inconsolata/ot1zi4.fd)

LaTeX Font Warning: Font shape `OML/zi4/m/n' undefined
(Font)              using `OML/cmm/m/it' instead
(Font)              for symbol `textless' on input line 20.

(./Rd2.toc) [1{/Users/taofang/Library/TinyTeX/texmf-var/fonts/map/pdftex/updmap
/pdftex.map}] [2]
Overfull \hbox (23.28088pt too wide) in paragraph at lines 146--146
 []\OT1/zi4/m/n/9 from_id2name((selected_pathways=list(c("GO:0032991#GO:0044425
#GO:0044464"),"R-HSA-5357801")))[] 
[3]
Overfull \hbox (0.47627pt too wide) in paragraph at lines 168--172
[]\OT1/cmr/m/n/10 http://geneontology.org/docs/download-ontology/, https://reac
tome.org/download-data A
[4]
Overfull \hbox (35.44841pt too wide) in paragraph at lines 221--223
[]\OT1/cmr/m/n/10 The igraph for-mat tree was con-structed by us-ing data from 
http://geneontology.org/docs/download-

Overfull \hbox (60.27242pt too wide) in paragraph at lines 247--249
\OT1/cmr/m/n/10 three roots notes in GO on-tol-ogy tree: GO:0008150 (bi-o-log-i
-cal[]process), GO:0003674(molecular[]function),
[5] [6] [7] [8] (./Rd2.ind [9] [10]) (./Rd2.aux)

LaTeX Font Warning: Some font shapes were not available, defaults substituted.

 )
(see the transcript file for additional information) </Users/taofang/.TinyTeX/t
exmf-var/fonts/pk/ljfour/jknappen/ec/tcrm1000.600pk>{/Users/taofang/Library/Tin
yTeX/texmf-dist/fonts/enc/dvips/inconsolata/i4-ot1-0.enc}</Users/taofang/Librar
y/TinyTeX/texmf-dist/fonts/type1/public/inconsolata/Inconsolata-zi4r.pfb></User
s/taofang/Library/TinyTeX/texmf-dist/fonts/type1/public/amsfonts/cm/cmb10.pfb><
/Users/taofang/Library/TinyTeX/texmf-dist/fonts/type1/public/amsfonts/cm/cmbx10
.pfb></Users/taofang/Library/TinyTeX/texmf-dist/fonts/type1/public/amsfonts/cm/
cmbx12.pfb></Users/taofang/Library/TinyTeX/texmf-dist/fonts/type1/public/amsfon
ts/cm/cmmi10.pfb></Users/taofang/Library/TinyTeX/texmf-dist/fonts/type1/public/
amsfonts/cm/cmr10.pfb></Users/taofang/Library/TinyTeX/texmf-dist/fonts/type1/pu
blic/amsfonts/cm/cmr12.pfb></Users/taofang/Library/TinyTeX/texmf-dist/fonts/typ
e1/public/amsfonts/cm/cmr7.pfb></Users/taofang/Library/TinyTeX/texmf-dist/fonts
/type1/public/amsfonts/cm/cmsl10.pfb></Users/taofang/Library/TinyTeX/texmf-dist
/fonts/type1/public/amsfonts/cm/cmss12.pfb></Users/taofang/Library/TinyTeX/texm
f-dist/fonts/type1/public/amsfonts/cm/cmsy10.pfb></Users/taofang/Library/TinyTe
X/texmf-dist/fonts/type1/public/amsfonts/cm/cmti10.pfb>
Output written on Rd2.pdf (10 pages, 173408 bytes).
Transcript written on Rd2.log.
Saving output to ‘GENEMABR-manual.pdf’ ...
Done
You may want to clean up by 'rm -Rf /var/folders/75/4xflzt4x1lg02s_1z8cw0s8c0000gn/T//Rtmp5O1ZO5/Rd2pdf69326ea8e0e7'
